<?xml version="1.0" encoding="UTF-8"?>
<!-- Generated by org.testng.reporters.JUnitXMLReporter -->
<testsuite ignored="0" hostname="DESKTOP-8JUNJQM" failures="0" tests="1" name="TestHomePage" time="0.161" errors="0" timestamp="04 Jun 2022 20:19:19 GMT">
  <testcase classname="TestCases.HomePage" name="@BeforeTest browsrInitialization" time="0.006">
    <failure type="java.lang.NullPointerException" message="Cannot invoke &amp;quot;String.equals(Object)&amp;quot; because &amp;quot;brname&amp;quot; is null">
      <![CDATA[java.lang.NullPointerException: Cannot invoke "String.equals(Object)" because "brname" is null
at Resources.Base.intializDriver(Base.java:32)
at TestCases.HomePage.browsrInitialization(HomePage.java:20)
at java.base/java.util.concurrent.FutureTask.run(FutureTask.java:264)
at java.base/java.util.concurrent.ThreadPoolExecutor.runWorker(ThreadPoolExecutor.java:1136)
at java.base/java.util.concurrent.ThreadPoolExecutor$Worker.run(ThreadPoolExecutor.java:635)
at java.base/java.lang.Thread.run(Thread.java:833)
... Removed 15 stack frames]]>
    </failure>
  </testcase> <!-- @BeforeTest browsrInitialization -->
  <testcase classname="TestCases.HomePage" name="@AfterTest tearDown" time="0.0">
    <skipped/>
  </testcase> <!-- @AfterTest tearDown -->
  <testcase classname="TestCases.HomePage" name="Homepagetc" time="0.0">
    <skipped/>
  </testcase> <!-- Homepagetc -->
</testsuite> <!-- TestHomePage -->
