<?xml version="1.0" encoding="UTF-8"?>
<testng-results skipped="0" failed="1" ignored="0" total="6" passed="5">
  <reporter-output>
  </reporter-output>
  <suite name="Suite" duration-ms="138716" started-at="2022-06-06T11:31:12Z" finished-at="2022-06-06T11:33:31Z">
    <groups>
    </groups>
    <test name="TestNavigationBar" duration-ms="23272" started-at="2022-06-06T11:31:12Z" finished-at="2022-06-06T11:31:35Z">
      <class name="TestCases.NavigationBar">
        <test-method status="PASS" signature="browsrInitialization()[pri:0, instance:TestCases.NavigationBar@46cdf8bd]" name="browsrInitialization" is-config="true" duration-ms="22803" started-at="2022-06-06T11:31:12Z" finished-at="2022-06-06T11:31:35Z">
          <reporter-output>
          </reporter-output>
        </test-method> <!-- browsrInitialization -->
        <test-method status="PASS" signature="LandingPageText()[pri:0, instance:TestCases.NavigationBar@46cdf8bd]" name="LandingPageText" duration-ms="258" started-at="2022-06-06T11:31:35Z" finished-at="2022-06-06T11:31:35Z">
          <reporter-output>
          </reporter-output>
        </test-method> <!-- LandingPageText -->
        <test-method status="PASS" signature="tearDown()[pri:0, instance:TestCases.NavigationBar@46cdf8bd]" name="tearDown" is-config="true" duration-ms="176" started-at="2022-06-06T11:31:35Z" finished-at="2022-06-06T11:31:35Z">
          <reporter-output>
          </reporter-output>
        </test-method> <!-- tearDown -->
      </class> <!-- TestCases.NavigationBar -->
    </test> <!-- TestNavigationBar -->
    <test name="TestGetTitle" duration-ms="15256" started-at="2022-06-06T11:31:36Z" finished-at="2022-06-06T11:31:51Z">
      <class name="TestCases.GetTitle">
        <test-method status="PASS" signature="browsrInitialization()[pri:0, instance:TestCases.GetTitle@5d0bf09b]" name="browsrInitialization" is-config="true" duration-ms="14930" started-at="2022-06-06T11:31:36Z" finished-at="2022-06-06T11:31:51Z">
          <reporter-output>
          </reporter-output>
        </test-method> <!-- browsrInitialization -->
        <test-method status="PASS" signature="BannerTitle()[pri:0, instance:TestCases.GetTitle@5d0bf09b]" name="BannerTitle" duration-ms="81" started-at="2022-06-06T11:31:51Z" finished-at="2022-06-06T11:31:51Z">
          <reporter-output>
          </reporter-output>
        </test-method> <!-- BannerTitle -->
        <test-method status="PASS" signature="LandingPageText()[pri:0, instance:TestCases.GetTitle@5d0bf09b]" name="LandingPageText" duration-ms="98" started-at="2022-06-06T11:31:51Z" finished-at="2022-06-06T11:31:51Z">
          <reporter-output>
          </reporter-output>
        </test-method> <!-- LandingPageText -->
        <test-method status="PASS" signature="tearDown()[pri:0, instance:TestCases.GetTitle@5d0bf09b]" name="tearDown" is-config="true" duration-ms="144" started-at="2022-06-06T11:31:51Z" finished-at="2022-06-06T11:31:51Z">
          <reporter-output>
          </reporter-output>
        </test-method> <!-- tearDown -->
      </class> <!-- TestCases.GetTitle -->
    </test> <!-- TestGetTitle -->
    <test name="TestLoginPage" duration-ms="68029" started-at="2022-06-06T11:31:51Z" finished-at="2022-06-06T11:32:59Z">
      <class name="TestCases.LoginPage">
        <test-method status="PASS" signature="browsrInitialization()[pri:0, instance:TestCases.LoginPage@3b0fe47a]" name="browsrInitialization" is-config="true" duration-ms="21686" started-at="2022-06-06T11:31:51Z" finished-at="2022-06-06T11:32:13Z">
          <reporter-output>
          </reporter-output>
        </test-method> <!-- browsrInitialization -->
        <test-method status="PASS" signature="homePage(java.lang.String, java.lang.String)[pri:0, instance:TestCases.LoginPage@3b0fe47a]" name="homePage" duration-ms="20623" started-at="2022-06-06T11:32:13Z" data-provider="getData" finished-at="2022-06-06T11:32:34Z">
          <params>
            <param index="0">
              <value>
                <![CDATA[resticted@gmail.com]]>
              </value>
            </param>
            <param index="1">
              <value>
                <![CDATA[123456]]>
              </value>
            </param>
          </params>
          <reporter-output>
          </reporter-output>
        </test-method> <!-- homePage -->
        <test-method status="FAIL" signature="homePage(java.lang.String, java.lang.String)[pri:0, instance:TestCases.LoginPage@3b0fe47a]" name="homePage" duration-ms="24157" started-at="2022-06-06T11:32:34Z" data-provider="getData" finished-at="2022-06-06T11:32:58Z">
          <params>
            <param index="0">
              <value>
                <![CDATA[unretricted@gmail.com  ]]>
              </value>
            </param>
            <param index="1">
              <value>
                <![CDATA[6789065 ]]>
              </value>
            </param>
          </params>
          <exception class="org.openqa.selenium.ElementClickInterceptedException">
            <message>
              <![CDATA[element click intercepted: Element <a href="https://rahulshettyacademy.com/sign_in/">...</a> is not clickable at point (992, 16). Other element would receive the click: <div class="listbuilder-popup-content">...</div>
  (Session info: chrome=102.0.5005.63)
Build info: version: '3.141.59', revision: 'e82be7d358', time: '2018-11-14T08:17:03'
System info: host: 'DESKTOP-8JUNJQM', ip: '192.168.1.6', os.name: 'Windows 10', os.arch: 'amd64', os.version: '10.0', java.version: '1.8.0_202'
Driver info: org.openqa.selenium.chrome.ChromeDriver
Capabilities {acceptInsecureCerts: false, browserName: chrome, browserVersion: 102.0.5005.63, chrome: {chromedriverVersion: 102.0.5005.61 (0e59bcc00cc4..., userDataDir: C:\Users\ADMIN\AppData\Loca...}, goog:chromeOptions: {debuggerAddress: localhost:62353}, javascriptEnabled: true, networkConnectionEnabled: false, pageLoadStrategy: normal, platform: WINDOWS, platformName: WINDOWS, proxy: Proxy(), setWindowRect: true, strictFileInteractability: false, timeouts: {implicit: 0, pageLoad: 300000, script: 30000}, unhandledPromptBehavior: dismiss and notify, webauthn:extension:credBlob: true, webauthn:extension:largeBlob: true, webauthn:virtualAuthenticators: true}
Session ID: 81c2a25a9c7321efc465ddbbb482e310]]>
            </message>
            <full-stacktrace>
              <![CDATA[org.openqa.selenium.ElementClickInterceptedException: element click intercepted: Element <a href="https://rahulshettyacademy.com/sign_in/">...</a> is not clickable at point (992, 16). Other element would receive the click: <div class="listbuilder-popup-content">...</div>
  (Session info: chrome=102.0.5005.63)
Build info: version: '3.141.59', revision: 'e82be7d358', time: '2018-11-14T08:17:03'
System info: host: 'DESKTOP-8JUNJQM', ip: '192.168.1.6', os.name: 'Windows 10', os.arch: 'amd64', os.version: '10.0', java.version: '1.8.0_202'
Driver info: org.openqa.selenium.chrome.ChromeDriver
Capabilities {acceptInsecureCerts: false, browserName: chrome, browserVersion: 102.0.5005.63, chrome: {chromedriverVersion: 102.0.5005.61 (0e59bcc00cc4..., userDataDir: C:\Users\ADMIN\AppData\Loca...}, goog:chromeOptions: {debuggerAddress: localhost:62353}, javascriptEnabled: true, networkConnectionEnabled: false, pageLoadStrategy: normal, platform: WINDOWS, platformName: WINDOWS, proxy: Proxy(), setWindowRect: true, strictFileInteractability: false, timeouts: {implicit: 0, pageLoad: 300000, script: 30000}, unhandledPromptBehavior: dismiss and notify, webauthn:extension:credBlob: true, webauthn:extension:largeBlob: true, webauthn:virtualAuthenticators: true}
Session ID: 81c2a25a9c7321efc465ddbbb482e310
at sun.reflect.NativeConstructorAccessorImpl.newInstance0(Native Method)
at sun.reflect.NativeConstructorAccessorImpl.newInstance(NativeConstructorAccessorImpl.java:62)
at sun.reflect.DelegatingConstructorAccessorImpl.newInstance(DelegatingConstructorAccessorImpl.java:45)
at java.lang.reflect.Constructor.newInstance(Constructor.java:423)
at org.openqa.selenium.remote.http.W3CHttpResponseCodec.createException(W3CHttpResponseCodec.java:187)
at org.openqa.selenium.remote.http.W3CHttpResponseCodec.decode(W3CHttpResponseCodec.java:122)
at org.openqa.selenium.remote.http.W3CHttpResponseCodec.decode(W3CHttpResponseCodec.java:49)
at org.openqa.selenium.remote.HttpCommandExecutor.execute(HttpCommandExecutor.java:158)
at org.openqa.selenium.remote.service.DriverCommandExecutor.execute(DriverCommandExecutor.java:83)
at org.openqa.selenium.remote.RemoteWebDriver.execute(RemoteWebDriver.java:552)
at org.openqa.selenium.remote.RemoteWebElement.execute(RemoteWebElement.java:285)
at org.openqa.selenium.remote.RemoteWebElement.click(RemoteWebElement.java:84)
at TestCases.LoginPage.homePage(LoginPage.java:32)
at sun.reflect.NativeMethodAccessorImpl.invoke0(Native Method)
at sun.reflect.NativeMethodAccessorImpl.invoke(NativeMethodAccessorImpl.java:62)
at sun.reflect.DelegatingMethodAccessorImpl.invoke(DelegatingMethodAccessorImpl.java:43)
at java.lang.reflect.Method.invoke(Method.java:498)
at org.testng.internal.MethodInvocationHelper.invokeMethod(MethodInvocationHelper.java:124)
at org.testng.internal.Invoker.invokeMethod(Invoker.java:583)
at org.testng.internal.Invoker.invokeTestMethod(Invoker.java:719)
at org.testng.internal.Invoker.invokeTestMethods(Invoker.java:989)
at org.testng.internal.TestMethodWorker.invokeTestMethods(TestMethodWorker.java:125)
at org.testng.internal.TestMethodWorker.run(TestMethodWorker.java:109)
at org.testng.TestRunner.privateRun(TestRunner.java:648)
at org.testng.TestRunner.run(TestRunner.java:505)
at org.testng.SuiteRunner.runTest(SuiteRunner.java:455)
at org.testng.SuiteRunner.runSequentially(SuiteRunner.java:450)
at org.testng.SuiteRunner.privateRun(SuiteRunner.java:415)
at org.testng.SuiteRunner.run(SuiteRunner.java:364)
at org.testng.SuiteRunnerWorker.runSuite(SuiteRunnerWorker.java:52)
at org.testng.SuiteRunnerWorker.run(SuiteRunnerWorker.java:84)
at org.testng.TestNG.runSuitesSequentially(TestNG.java:1208)
at org.testng.TestNG.runSuitesLocally(TestNG.java:1137)
at org.testng.TestNG.runSuites(TestNG.java:1049)
at org.testng.TestNG.run(TestNG.java:1017)
at org.apache.maven.surefire.testng.TestNGExecutor.run(TestNGExecutor.java:324)
at org.apache.maven.surefire.testng.TestNGXmlTestSuite.execute(TestNGXmlTestSuite.java:74)
at org.apache.maven.surefire.testng.TestNGProvider.invoke(TestNGProvider.java:123)
at org.apache.maven.surefire.booter.ForkedBooter.runSuitesInProcess(ForkedBooter.java:456)
at org.apache.maven.surefire.booter.ForkedBooter.execute(ForkedBooter.java:169)
at org.apache.maven.surefire.booter.ForkedBooter.run(ForkedBooter.java:595)
at org.apache.maven.surefire.booter.ForkedBooter.main(ForkedBooter.java:581)
]]>
            </full-stacktrace>
          </exception> <!-- org.openqa.selenium.ElementClickInterceptedException -->
          <reporter-output>
          </reporter-output>
        </test-method> <!-- homePage -->
        <test-method status="PASS" signature="tearDown()[pri:0, instance:TestCases.LoginPage@3b0fe47a]" name="tearDown" is-config="true" duration-ms="765" started-at="2022-06-06T11:32:58Z" finished-at="2022-06-06T11:32:59Z">
          <reporter-output>
          </reporter-output>
        </test-method> <!-- tearDown -->
      </class> <!-- TestCases.LoginPage -->
    </test> <!-- TestLoginPage -->
    <test name="TestHomePage" duration-ms="31145" started-at="2022-06-06T11:33:00Z" finished-at="2022-06-06T11:33:31Z">
      <class name="TestCases.HomePage">
        <test-method status="PASS" signature="browsrInitialization()[pri:0, instance:TestCases.HomePage@74d1dc36]" name="browsrInitialization" is-config="true" duration-ms="30917" started-at="2022-06-06T11:33:00Z" finished-at="2022-06-06T11:33:31Z">
          <reporter-output>
          </reporter-output>
        </test-method> <!-- browsrInitialization -->
        <test-method status="PASS" signature="Homepagetc()[pri:0, instance:TestCases.HomePage@74d1dc36]" name="Homepagetc" duration-ms="35" started-at="2022-06-06T11:33:31Z" finished-at="2022-06-06T11:33:31Z">
          <reporter-output>
          </reporter-output>
        </test-method> <!-- Homepagetc -->
        <test-method status="PASS" signature="tearDown()[pri:0, instance:TestCases.HomePage@74d1dc36]" name="tearDown" is-config="true" duration-ms="189" started-at="2022-06-06T11:33:31Z" finished-at="2022-06-06T11:33:31Z">
          <reporter-output>
          </reporter-output>
        </test-method> <!-- tearDown -->
      </class> <!-- TestCases.HomePage -->
    </test> <!-- TestHomePage -->
  </suite> <!-- Suite -->
</testng-results>
